Discrepancy Report Results

Summary
FATAL: MISSING_PROTEIN_ID:102 proteins have invalid IDs.
DISC_SOURCE_QUALS_ASNDISC:strain (all present, all unique)
DISC_SOURCE_QUALS_ASNDISC:taxname (all present, all unique)
DISC_FEATURE_COUNT:CDS: 102 present
DISC_COUNT_NUCLEOTIDES:1 nucleotide Bioseqs are present
FEATURE_LOCATION_CONFLICT:102 features have inconsistent gene locations.
SUSPECT_PRODUCT_NAMES:2 product_names contain suspect phrase or characters
	May contain database identifier more appropriate in note; remove from product name
		2 features Three or more numbers together
DISC_QUALITY_SCORES:Quality scores are missing on all sequences.
ONCALLER_COMMENT_PRESENT:1 comment descriptors were found (all same)
SHORT_PROT_SEQUENCES:1 protein sequences are shorter than 50 aa.
MISSING_GENOMEASSEMBLY_COMMENTS:1 bioseqs are missing GenomeAssembly structured comments
MOLTYPE_NOT_MRNA:1 molecule types are not set as mRNA.
TECHNIQUE_NOT_TSA:1 technique are not set as TSA
MISSING_STRUCTURED_COMMENT:1 sequences do not include structured comments.
MISSING_PROJECT:103 sequences do not include project.
DISC_INCONSISTENT_MOLINFO_TECH:Molinfo Technique Report (some missing, all same)


Detailed Report

FATAL: DiscRep_ALL:MISSING_PROTEIN_ID::102 proteins have invalid IDs.
GCA009944615/GCA009944615:contig00001_1 (length 220)
GCA009944615/GCA009944615:contig00001_2 (length 207)
GCA009944615/GCA009944615:contig00001_3 (length 177)
GCA009944615/GCA009944615:contig00001_4 (length 97)
GCA009944615/GCA009944615:contig00001_5 (length 144)
GCA009944615/GCA009944615:contig00001_6 (length 70)
GCA009944615/GCA009944615:contig00001_7 (length 212)
GCA009944615/GCA009944615:contig00001_8 (length 121)
GCA009944615/GCA009944615:contig00001_9 (length 78)
GCA009944615/GCA009944615:contig00001_10 (length 67)
GCA009944615/GCA009944615:contig00001_11 (length 204)
GCA009944615/GCA009944615:contig00001_12 (length 405)
GCA009944615/GCA009944615:contig00001_13 (length 302)
GCA009944615/GCA009944615:contig00001_14 (length 559)
GCA009944615/GCA009944615:contig00001_15 (length 83)
GCA009944615/GCA009944615:contig00001_16 (length 103)
GCA009944615/GCA009944615:contig00001_17 (length 154)
GCA009944615/GCA009944615:contig00001_18 (length 390)
GCA009944615/GCA009944615:contig00001_19 (length 265)
GCA009944615/GCA009944615:contig00001_20 (length 73)
GCA009944615/GCA009944615:contig00001_21 (length 151)
GCA009944615/GCA009944615:contig00001_22 (length 273)
GCA009944615/GCA009944615:contig00001_23 (length 702)
GCA009944615/GCA009944615:contig00001_24 (length 555)
GCA009944615/GCA009944615:contig00001_25 (length 508)
GCA009944615/GCA009944615:contig00001_26 (length 538)
GCA009944615/GCA009944615:contig00001_27 (length 41)
GCA009944615/GCA009944615:contig00001_28 (length 125)
GCA009944615/GCA009944615:contig00001_29 (length 123)
GCA009944615/GCA009944615:contig00001_30 (length 165)
GCA009944615/GCA009944615:contig00001_31 (length 262)
GCA009944615/GCA009944615:contig00001_32 (length 174)
GCA009944615/GCA009944615:contig00001_33 (length 157)
GCA009944615/GCA009944615:contig00001_34 (length 178)
GCA009944615/GCA009944615:contig00001_35 (length 90)
GCA009944615/GCA009944615:contig00001_36 (length 96)
GCA009944615/GCA009944615:contig00001_37 (length 146)
GCA009944615/GCA009944615:contig00001_38 (length 1061)
GCA009944615/GCA009944615:contig00001_39 (length 87)
GCA009944615/GCA009944615:contig00001_40 (length 737)
GCA009944615/GCA009944615:contig00001_41 (length 177)
GCA009944615/GCA009944615:contig00001_42 (length 635)
GCA009944615/GCA009944615:contig00001_43 (length 732)
GCA009944615/GCA009944615:contig00001_44 (length 123)
GCA009944615/GCA009944615:contig00001_45 (length 134)
GCA009944615/GCA009944615:contig00001_46 (length 241)
GCA009944615/GCA009944615:contig00001_47 (length 145)
GCA009944615/GCA009944615:contig00001_48 (length 448)
GCA009944615/GCA009944615:contig00001_49 (length 115)
GCA009944615/GCA009944615:contig00001_50 (length 308)
GCA009944615/GCA009944615:contig00001_51 (length 175)
GCA009944615/GCA009944615:contig00001_52 (length 167)
GCA009944615/GCA009944615:contig00001_53 (length 358)
GCA009944615/GCA009944615:contig00001_54 (length 259)
GCA009944615/GCA009944615:contig00001_55 (length 104)
GCA009944615/GCA009944615:contig00001_56 (length 317)
GCA009944615/GCA009944615:contig00001_57 (length 378)
GCA009944615/GCA009944615:contig00001_58 (length 257)
GCA009944615/GCA009944615:contig00001_59 (length 104)
GCA009944615/GCA009944615:contig00001_60 (length 107)
GCA009944615/GCA009944615:contig00001_61 (length 66)
GCA009944615/GCA009944615:contig00001_62 (length 76)
GCA009944615/GCA009944615:contig00001_63 (length 71)
GCA009944615/GCA009944615:contig00001_64 (length 77)
GCA009944615/GCA009944615:contig00001_65 (length 85)
GCA009944615/GCA009944615:contig00001_66 (length 236)
GCA009944615/GCA009944615:contig00001_67 (length 286)
GCA009944615/GCA009944615:contig00001_68 (length 185)
GCA009944615/GCA009944615:contig00001_69 (length 1001)
GCA009944615/GCA009944615:contig00001_70 (length 273)
GCA009944615/GCA009944615:contig00001_71 (length 146)
GCA009944615/GCA009944615:contig00001_72 (length 80)
GCA009944615/GCA009944615:contig00001_73 (length 225)
GCA009944615/GCA009944615:contig00001_74 (length 399)
GCA009944615/GCA009944615:contig00001_75 (length 361)
GCA009944615/GCA009944615:contig00001_76 (length 382)
GCA009944615/GCA009944615:contig00001_77 (length 116)
GCA009944615/GCA009944615:contig00001_78 (length 121)
GCA009944615/GCA009944615:contig00001_79 (length 319)
GCA009944615/GCA009944615:contig00001_80 (length 145)
GCA009944615/GCA009944615:contig00001_81 (length 103)
GCA009944615/GCA009944615:contig00001_82 (length 374)
GCA009944615/GCA009944615:contig00001_83 (length 988)
GCA009944615/GCA009944615:contig00001_84 (length 186)
GCA009944615/GCA009944615:contig00001_85 (length 495)
GCA009944615/GCA009944615:contig00001_86 (length 283)
GCA009944615/GCA009944615:contig00001_87 (length 67)
GCA009944615/GCA009944615:contig00001_88 (length 320)
GCA009944615/GCA009944615:contig00001_89 (length 471)
GCA009944615/GCA009944615:contig00001_90 (length 252)
GCA009944615/GCA009944615:contig00001_91 (length 297)
GCA009944615/GCA009944615:contig00001_92 (length 160)
GCA009944615/GCA009944615:contig00001_93 (length 463)
GCA009944615/GCA009944615:contig00001_94 (length 258)
GCA009944615/GCA009944615:contig00001_95 (length 69)
GCA009944615/GCA009944615:contig00001_96 (length 528)
GCA009944615/GCA009944615:contig00001_97 (length 199)
GCA009944615/GCA009944615:contig00001_98 (length 234)
GCA009944615/GCA009944615:contig00001_99 (length 87)
GCA009944615/GCA009944615:contig00001_100 (length 244)
GCA009944615/GCA009944615:contig00001_101 (length 139)
GCA009944615/GCA009944615:contig00001_102 (length 198)

DiscRep_ALL:DISC_SOURCE_QUALS_ASNDISC::strain (all present, all unique)
DiscRep_SUB:DISC_SOURCE_QUALS_ASNDISC::1 sources have unique values for strain
DiscRep_ALL:DISC_SOURCE_QUALS_ASNDISC::taxname (all present, all unique)
DiscRep_SUB:DISC_SOURCE_QUALS_ASNDISC::1 sources have unique values for taxname
DiscRep_ALL:DISC_FEATURE_COUNT::CDS: 102 present
DiscRep_ALL:DISC_COUNT_NUCLEOTIDES::1 nucleotide Bioseqs are present
GCA009944615/GCA009944615:contig00001 (length 89214)

DiscRep_ALL:FEATURE_LOCATION_CONFLICT::102 features have inconsistent gene locations.
DiscRep_SUB:FEATURE_LOCATION_CONFLICT::Coding region xref gene does not exist
GCA009944615/GCA009944615:CDS	hypothetical protein	contig00001:129-791	MGEKPHHF_00001

DiscRep_SUB:FEATURE_LOCATION_CONFLICT::Coding region xref gene does not exist
GCA009944615/GCA009944615:CDS	Putative transposon Tn552 DNA-invertase bin3	contig00001:c1438-815	MGEKPHHF_00002

DiscRep_SUB:FEATURE_LOCATION_CONFLICT::Coding region xref gene does not exist
GCA009944615/GCA009944615:CDS	hypothetical protein	contig00001:c1968-1435	MGEKPHHF_00003

DiscRep_SUB:FEATURE_LOCATION_CONFLICT::Coding region xref gene does not exist
GCA009944615/GCA009944615:CDS	hypothetical protein	contig00001:c2258-1965	MGEKPHHF_00004

DiscRep_SUB:FEATURE_LOCATION_CONFLICT::Coding region xref gene does not exist
GCA009944615/GCA009944615:CDS	ISL3 family transposase ISStma11	contig00001:c2842-2408	MGEKPHHF_00005

DiscRep_SUB:FEATURE_LOCATION_CONFLICT::Coding region xref gene does not exist
GCA009944615/GCA009944615:CDS	hypothetical protein	contig00001:c3104-2892	MGEKPHHF_00006

DiscRep_SUB:FEATURE_LOCATION_CONFLICT::Coding region xref gene does not exist
GCA009944615/GCA009944615:CDS	Alkylmercury lyase	contig00001:3140-3778	MGEKPHHF_00007

DiscRep_SUB:FEATURE_LOCATION_CONFLICT::Coding region xref gene does not exist
GCA009944615/GCA009944615:CDS	hypothetical protein	contig00001:3890-4255	MGEKPHHF_00008

DiscRep_SUB:FEATURE_LOCATION_CONFLICT::Coding region xref gene does not exist
GCA009944615/GCA009944615:CDS	hypothetical protein	contig00001:4252-4488	MGEKPHHF_00009

DiscRep_SUB:FEATURE_LOCATION_CONFLICT::Coding region xref gene does not exist
GCA009944615/GCA009944615:CDS	hypothetical protein	contig00001:4621-4824	MGEKPHHF_00010

DiscRep_SUB:FEATURE_LOCATION_CONFLICT::Coding region xref gene does not exist
GCA009944615/GCA009944615:CDS	hypothetical protein	contig00001:c5477-4863	MGEKPHHF_00011

DiscRep_SUB:FEATURE_LOCATION_CONFLICT::Coding region xref gene does not exist
GCA009944615/GCA009944615:CDS	hypothetical protein	contig00001:c6755-5538	MGEKPHHF_00012

DiscRep_SUB:FEATURE_LOCATION_CONFLICT::Coding region xref gene does not exist
GCA009944615/GCA009944615:CDS	hypothetical protein	contig00001:c7660-6752	MGEKPHHF_00013

DiscRep_SUB:FEATURE_LOCATION_CONFLICT::Coding region xref gene does not exist
GCA009944615/GCA009944615:CDS	hypothetical protein	contig00001:c9342-7663	MGEKPHHF_00014

DiscRep_SUB:FEATURE_LOCATION_CONFLICT::Coding region xref gene does not exist
GCA009944615/GCA009944615:CDS	Antitoxin ParD	contig00001:9588-9839	MGEKPHHF_00015

DiscRep_SUB:FEATURE_LOCATION_CONFLICT::Coding region xref gene does not exist
GCA009944615/GCA009944615:CDS	Toxin ParE	contig00001:9836-10147	MGEKPHHF_00016

DiscRep_SUB:FEATURE_LOCATION_CONFLICT::Coding region xref gene does not exist
GCA009944615/GCA009944615:CDS	hypothetical protein	contig00001:10225-10689	MGEKPHHF_00017

DiscRep_SUB:FEATURE_LOCATION_CONFLICT::Coding region xref gene does not exist
GCA009944615/GCA009944615:CDS	hypothetical protein	contig00001:10776-11948	MGEKPHHF_00018

DiscRep_SUB:FEATURE_LOCATION_CONFLICT::Coding region xref gene does not exist
GCA009944615/GCA009944615:CDS	IS21 family transposase IS21	contig00001:11948-12745	MGEKPHHF_00019

DiscRep_SUB:FEATURE_LOCATION_CONFLICT::Coding region xref gene does not exist
GCA009944615/GCA009944615:CDS	hypothetical protein	contig00001:12948-13169	MGEKPHHF_00020

DiscRep_SUB:FEATURE_LOCATION_CONFLICT::Coding region xref gene does not exist
GCA009944615/GCA009944615:CDS	Aminoglycoside 3'-phosphotransferase	contig00001:13180-13635	MGEKPHHF_00021

DiscRep_SUB:FEATURE_LOCATION_CONFLICT::Coding region xref gene does not exist
GCA009944615/GCA009944615:CDS	Transposon Tn7 transposition protein TnsA	contig00001:13741-14562	MGEKPHHF_00022

DiscRep_SUB:FEATURE_LOCATION_CONFLICT::Coding region xref gene does not exist
GCA009944615/GCA009944615:CDS	Transposon Tn7 transposition protein TnsB	contig00001:14549-16657	MGEKPHHF_00023

DiscRep_SUB:FEATURE_LOCATION_CONFLICT::Coding region xref gene does not exist
GCA009944615/GCA009944615:CDS	Transposon Tn7 transposition protein TnsC	contig00001:16654-18321	MGEKPHHF_00024

DiscRep_SUB:FEATURE_LOCATION_CONFLICT::Coding region xref gene does not exist
GCA009944615/GCA009944615:CDS	hypothetical protein	contig00001:18324-19850	MGEKPHHF_00025

DiscRep_SUB:FEATURE_LOCATION_CONFLICT::Coding region xref gene does not exist
GCA009944615/GCA009944615:CDS	Transposon Tn7 transposition protein TnsE	contig00001:19851-21467	MGEKPHHF_00026

DiscRep_SUB:FEATURE_LOCATION_CONFLICT::Coding region xref gene does not exist
GCA009944615/GCA009944615:CDS	hypothetical protein	contig00001:c21648-21523	MGEKPHHF_00027

DiscRep_SUB:FEATURE_LOCATION_CONFLICT::Coding region xref gene does not exist
GCA009944615/GCA009944615:CDS	hypothetical protein	contig00001:c22075-21698	MGEKPHHF_00028

DiscRep_SUB:FEATURE_LOCATION_CONFLICT::Coding region xref gene does not exist
GCA009944615/GCA009944615:CDS	hypothetical protein	contig00001:c22856-22485	MGEKPHHF_00029

DiscRep_SUB:FEATURE_LOCATION_CONFLICT::Coding region xref gene does not exist
GCA009944615/GCA009944615:CDS	hypothetical protein	contig00001:c23414-22917	MGEKPHHF_00030

DiscRep_SUB:FEATURE_LOCATION_CONFLICT::Coding region xref gene does not exist
GCA009944615/GCA009944615:CDS	Streptomycin 3''-adenylyltransferase	contig00001:c24278-23490	MGEKPHHF_00031

DiscRep_SUB:FEATURE_LOCATION_CONFLICT::Coding region xref gene does not exist
GCA009944615/GCA009944615:CDS	hypothetical protein	contig00001:c24860-24336	MGEKPHHF_00032

DiscRep_SUB:FEATURE_LOCATION_CONFLICT::Coding region xref gene does not exist
GCA009944615/GCA009944615:CDS	Dihydrofolate reductase type 1	contig00001:c25428-24955	MGEKPHHF_00033

DiscRep_SUB:FEATURE_LOCATION_CONFLICT::Coding region xref gene does not exist
GCA009944615/GCA009944615:CDS	hypothetical protein	contig00001:25760-26296	MGEKPHHF_00034

DiscRep_SUB:FEATURE_LOCATION_CONFLICT::Coding region xref gene does not exist
GCA009944615/GCA009944615:CDS	Aminoglycoside 3'-phosphotransferase	contig00001:27795-28067	MGEKPHHF_00035

DiscRep_SUB:FEATURE_LOCATION_CONFLICT::Coding region xref gene does not exist
GCA009944615/GCA009944615:CDS	hypothetical protein	contig00001:c28441-28151	MGEKPHHF_00036

DiscRep_SUB:FEATURE_LOCATION_CONFLICT::Coding region xref gene does not exist
GCA009944615/GCA009944615:CDS	Protein TraB	contig00001:c28889-28449	MGEKPHHF_00037

DiscRep_SUB:FEATURE_LOCATION_CONFLICT::Coding region xref gene does not exist
GCA009944615/GCA009944615:CDS	DNA primase TraC	contig00001:c32090-28905	MGEKPHHF_00038

DiscRep_SUB:FEATURE_LOCATION_CONFLICT::Coding region xref gene does not exist
GCA009944615/GCA009944615:CDS	hypothetical protein	contig00001:c32360-32097	MGEKPHHF_00039

DiscRep_SUB:FEATURE_LOCATION_CONFLICT::Coding region xref gene does not exist
GCA009944615/GCA009944615:CDS	hypothetical protein	contig00001:c34579-32366	MGEKPHHF_00040

DiscRep_SUB:FEATURE_LOCATION_CONFLICT::Coding region xref gene does not exist
GCA009944615/GCA009944615:CDS	hypothetical protein	contig00001:c35127-34594	MGEKPHHF_00041

DiscRep_SUB:FEATURE_LOCATION_CONFLICT::Coding region xref gene does not exist
GCA009944615/GCA009944615:CDS	Conjugal transfer protein TraG	contig00001:c37031-35124	MGEKPHHF_00042

DiscRep_SUB:FEATURE_LOCATION_CONFLICT::Coding region xref gene does not exist
GCA009944615/GCA009944615:CDS	Protein TraI	contig00001:c39226-37028	MGEKPHHF_00043

DiscRep_SUB:FEATURE_LOCATION_CONFLICT::Coding region xref gene does not exist
GCA009944615/GCA009944615:CDS	Protein TraJ	contig00001:c39632-39261	MGEKPHHF_00044

DiscRep_SUB:FEATURE_LOCATION_CONFLICT::Coding region xref gene does not exist
GCA009944615/GCA009944615:CDS	Protein TraK	contig00001:40000-40404	MGEKPHHF_00045

DiscRep_SUB:FEATURE_LOCATION_CONFLICT::Coding region xref gene does not exist
GCA009944615/GCA009944615:CDS	Protein TraL	contig00001:40404-41129	MGEKPHHF_00046

DiscRep_SUB:FEATURE_LOCATION_CONFLICT::Coding region xref gene does not exist
GCA009944615/GCA009944615:CDS	Protein TraM	contig00001:41126-41563	MGEKPHHF_00047

DiscRep_SUB:FEATURE_LOCATION_CONFLICT::Coding region xref gene does not exist
GCA009944615/GCA009944615:CDS	hypothetical protein	contig00001:c42962-41616	MGEKPHHF_00048

DiscRep_SUB:FEATURE_LOCATION_CONFLICT::Coding region xref gene does not exist
GCA009944615/GCA009944615:CDS	Protein TraB	contig00001:c43338-42991	MGEKPHHF_00049

DiscRep_SUB:FEATURE_LOCATION_CONFLICT::Coding region xref gene does not exist
GCA009944615/GCA009944615:CDS	hypothetical protein	contig00001:c44422-43496	MGEKPHHF_00050

DiscRep_SUB:FEATURE_LOCATION_CONFLICT::Coding region xref gene does not exist
GCA009944615/GCA009944615:CDS	hypothetical protein	contig00001:c45135-44608	MGEKPHHF_00051

DiscRep_SUB:FEATURE_LOCATION_CONFLICT::Coding region xref gene does not exist
GCA009944615/GCA009944615:CDS	hypothetical protein	contig00001:c45648-45145	MGEKPHHF_00052

DiscRep_SUB:FEATURE_LOCATION_CONFLICT::Coding region xref gene does not exist
GCA009944615/GCA009944615:CDS	Transcriptional repressor protein KorB	contig00001:c46795-45719	MGEKPHHF_00053

DiscRep_SUB:FEATURE_LOCATION_CONFLICT::Coding region xref gene does not exist
GCA009944615/GCA009944615:CDS	Chromosome-partitioning ATPase Soj	contig00001:c47571-46792	MGEKPHHF_00054

DiscRep_SUB:FEATURE_LOCATION_CONFLICT::Coding region xref gene does not exist
GCA009944615/GCA009944615:CDS	TrfB transcriptional repressor protein	contig00001:c47882-47568	MGEKPHHF_00055

DiscRep_SUB:FEATURE_LOCATION_CONFLICT::Coding region xref gene does not exist
GCA009944615/GCA009944615:CDS	hypothetical protein	contig00001:c49000-48047	MGEKPHHF_00056

DiscRep_SUB:FEATURE_LOCATION_CONFLICT::Coding region xref gene does not exist
GCA009944615/GCA009944615:CDS	TelA-like protein	contig00001:c50133-48997	MGEKPHHF_00057

DiscRep_SUB:FEATURE_LOCATION_CONFLICT::Coding region xref gene does not exist
GCA009944615/GCA009944615:CDS	hypothetical protein	contig00001:c50924-50151	MGEKPHHF_00058

DiscRep_SUB:FEATURE_LOCATION_CONFLICT::Coding region xref gene does not exist
GCA009944615/GCA009944615:CDS	hypothetical protein	contig00001:c51361-51047	MGEKPHHF_00059

DiscRep_SUB:FEATURE_LOCATION_CONFLICT::Coding region xref gene does not exist
GCA009944615/GCA009944615:CDS	hypothetical protein	contig00001:c51712-51389	MGEKPHHF_00060

DiscRep_SUB:FEATURE_LOCATION_CONFLICT::Coding region xref gene does not exist
GCA009944615/GCA009944615:CDS	hypothetical protein	contig00001:c52024-51824	MGEKPHHF_00061

DiscRep_SUB:FEATURE_LOCATION_CONFLICT::Coding region xref gene does not exist
GCA009944615/GCA009944615:CDS	hypothetical protein	contig00001:c52288-52058	MGEKPHHF_00062

DiscRep_SUB:FEATURE_LOCATION_CONFLICT::Coding region xref gene does not exist
GCA009944615/GCA009944615:CDS	hypothetical protein	contig00001:c52656-52441	MGEKPHHF_00063

DiscRep_SUB:FEATURE_LOCATION_CONFLICT::Coding region xref gene does not exist
GCA009944615/GCA009944615:CDS	hypothetical protein	contig00001:c52938-52705	MGEKPHHF_00064

DiscRep_SUB:FEATURE_LOCATION_CONFLICT::Coding region xref gene does not exist
GCA009944615/GCA009944615:CDS	hypothetical protein	contig00001:c53421-53164	MGEKPHHF_00065

DiscRep_SUB:FEATURE_LOCATION_CONFLICT::Coding region xref gene does not exist
GCA009944615/GCA009944615:CDS	Protein KlcB	contig00001:c54154-53444	MGEKPHHF_00066

DiscRep_SUB:FEATURE_LOCATION_CONFLICT::Coding region xref gene does not exist
GCA009944615/GCA009944615:CDS	Beta-lactamase TEM	contig00001:c55130-54270	MGEKPHHF_00067

DiscRep_SUB:FEATURE_LOCATION_CONFLICT::Coding region xref gene does not exist
GCA009944615/GCA009944615:CDS	Transposon Tn3 resolvase	contig00001:c55870-55313	MGEKPHHF_00068

DiscRep_SUB:FEATURE_LOCATION_CONFLICT::Coding region xref gene does not exist
GCA009944615/GCA009944615:CDS	Tn3 family transposase Tn2	contig00001:56033-59038	MGEKPHHF_00069

DiscRep_SUB:FEATURE_LOCATION_CONFLICT::Coding region xref gene does not exist
GCA009944615/GCA009944615:CDS	Protein KlcB	contig00001:c59783-58962	MGEKPHHF_00070

DiscRep_SUB:FEATURE_LOCATION_CONFLICT::Coding region xref gene does not exist
GCA009944615/GCA009944615:CDS	Antirestriction protein KlcA	contig00001:c60269-59829	MGEKPHHF_00071

DiscRep_SUB:FEATURE_LOCATION_CONFLICT::Coding region xref gene does not exist
GCA009944615/GCA009944615:CDS	hypothetical protein	contig00001:61652-61894	MGEKPHHF_00072

DiscRep_SUB:FEATURE_LOCATION_CONFLICT::Coding region xref gene does not exist
GCA009944615/GCA009944615:CDS	Tetracycline repressor protein class A from transposon 1721	contig00001:c62603-61926	MGEKPHHF_00073

DiscRep_SUB:FEATURE_LOCATION_CONFLICT::Coding region xref gene does not exist
GCA009944615/GCA009944615:CDS	Tetracycline resistance protein, class C	contig00001:62682-63881	MGEKPHHF_00074

DiscRep_SUB:FEATURE_LOCATION_CONFLICT::Coding region xref gene does not exist
GCA009944615/GCA009944615:CDS	hypothetical protein	contig00001:c64998-63913	MGEKPHHF_00075

DiscRep_SUB:FEATURE_LOCATION_CONFLICT::Coding region xref gene does not exist
GCA009944615/GCA009944615:CDS	Plasmid replication initiator protein TrfA	contig00001:c66302-65154	MGEKPHHF_00076

DiscRep_SUB:FEATURE_LOCATION_CONFLICT::Coding region xref gene does not exist
GCA009944615/GCA009944615:CDS	Single-stranded DNA-binding protein	contig00001:c66701-66351	MGEKPHHF_00077

DiscRep_SUB:FEATURE_LOCATION_CONFLICT::Coding region xref gene does not exist
GCA009944615/GCA009944615:CDS	hypothetical protein	contig00001:66822-67187	MGEKPHHF_00078

DiscRep_SUB:FEATURE_LOCATION_CONFLICT::Coding region xref gene does not exist
GCA009944615/GCA009944615:CDS	Putative conjugal transfer protein	contig00001:67458-68417	MGEKPHHF_00079

DiscRep_SUB:FEATURE_LOCATION_CONFLICT::Coding region xref gene does not exist
GCA009944615/GCA009944615:CDS	hypothetical protein	contig00001:68430-68867	MGEKPHHF_00080

DiscRep_SUB:FEATURE_LOCATION_CONFLICT::Coding region xref gene does not exist
GCA009944615/GCA009944615:CDS	hypothetical protein	contig00001:68870-69181	MGEKPHHF_00081

DiscRep_SUB:FEATURE_LOCATION_CONFLICT::Coding region xref gene does not exist
GCA009944615/GCA009944615:CDS	hypothetical protein	contig00001:69178-70302	MGEKPHHF_00082

DiscRep_SUB:FEATURE_LOCATION_CONFLICT::Coding region xref gene does not exist
GCA009944615/GCA009944615:CDS	Tn3 family transposase TnAs1	contig00001:c73301-70335	MGEKPHHF_00083

DiscRep_SUB:FEATURE_LOCATION_CONFLICT::Coding region xref gene does not exist
GCA009944615/GCA009944615:CDS	DNA-invertase hin	contig00001:c73865-73305	MGEKPHHF_00084

DiscRep_SUB:FEATURE_LOCATION_CONFLICT::Coding region xref gene does not exist
GCA009944615/GCA009944615:CDS	hypothetical protein	contig00001:74375-75862	MGEKPHHF_00085

DiscRep_SUB:FEATURE_LOCATION_CONFLICT::Coding region xref gene does not exist
GCA009944615/GCA009944615:CDS	hypothetical protein	contig00001:75877-76728	MGEKPHHF_00086

DiscRep_SUB:FEATURE_LOCATION_CONFLICT::Coding region xref gene does not exist
GCA009944615/GCA009944615:CDS	hypothetical protein	contig00001:76728-76931	MGEKPHHF_00087

DiscRep_SUB:FEATURE_LOCATION_CONFLICT::Coding region xref gene does not exist
GCA009944615/GCA009944615:CDS	putative protein YjiK	contig00001:77053-78015	MGEKPHHF_00088

DiscRep_SUB:FEATURE_LOCATION_CONFLICT::Coding region xref gene does not exist
GCA009944615/GCA009944615:CDS	Type IV secretion system protein virB4	contig00001:78122-79537	MGEKPHHF_00089

DiscRep_SUB:FEATURE_LOCATION_CONFLICT::Coding region xref gene does not exist
GCA009944615/GCA009944615:CDS	hypothetical protein	contig00001:79534-80292	MGEKPHHF_00090

DiscRep_SUB:FEATURE_LOCATION_CONFLICT::Coding region xref gene does not exist
GCA009944615/GCA009944615:CDS	hypothetical protein	contig00001:80304-81197	MGEKPHHF_00091

DiscRep_SUB:FEATURE_LOCATION_CONFLICT::Coding region xref gene does not exist
GCA009944615/GCA009944615:CDS	hypothetical protein	contig00001:81201-81683	MGEKPHHF_00092

DiscRep_SUB:FEATURE_LOCATION_CONFLICT::Coding region xref gene does not exist
GCA009944615/GCA009944615:CDS	hypothetical protein	contig00001:81688-83079	MGEKPHHF_00093

DiscRep_SUB:FEATURE_LOCATION_CONFLICT::Coding region xref gene does not exist
GCA009944615/GCA009944615:CDS	hypothetical protein	contig00001:83096-83872	MGEKPHHF_00094

DiscRep_SUB:FEATURE_LOCATION_CONFLICT::Coding region xref gene does not exist
GCA009944615/GCA009944615:CDS	hypothetical protein	contig00001:83884-84093	MGEKPHHF_00095

DiscRep_SUB:FEATURE_LOCATION_CONFLICT::Coding region xref gene does not exist
GCA009944615/GCA009944615:CDS	hypothetical protein	contig00001:84100-85686	MGEKPHHF_00096

DiscRep_SUB:FEATURE_LOCATION_CONFLICT::Coding region xref gene does not exist
GCA009944615/GCA009944615:CDS	hypothetical protein	contig00001:85710-86309	MGEKPHHF_00097

DiscRep_SUB:FEATURE_LOCATION_CONFLICT::Coding region xref gene does not exist
GCA009944615/GCA009944615:CDS	hypothetical protein	contig00001:86325-87029	MGEKPHHF_00098

DiscRep_SUB:FEATURE_LOCATION_CONFLICT::Coding region xref gene does not exist
GCA009944615/GCA009944615:CDS	hypothetical protein	contig00001:87060-87323	MGEKPHHF_00099

DiscRep_SUB:FEATURE_LOCATION_CONFLICT::Coding region xref gene does not exist
GCA009944615/GCA009944615:CDS	hypothetical protein	contig00001:87360-88094	MGEKPHHF_00100

DiscRep_SUB:FEATURE_LOCATION_CONFLICT::Coding region xref gene does not exist
GCA009944615/GCA009944615:CDS	hypothetical protein	contig00001:88111-88530	MGEKPHHF_00101

DiscRep_SUB:FEATURE_LOCATION_CONFLICT::Coding region xref gene does not exist
GCA009944615/GCA009944615:CDS	hypothetical protein	contig00001:c89120-88524	MGEKPHHF_00102

DiscRep_ALL:SUSPECT_PRODUCT_NAMES::2 product_names contain suspect phrase or characters
DiscRep_SUB:SUSPECT_PRODUCT_NAMES::May contain database identifier more appropriate in note; remove from product name
DiscRep_SUB:SUSPECT_PRODUCT_NAMES::2 features Three or more numbers together
GCA009944615/GCA009944615:CDS	Putative transposon Tn552 DNA-invertase bin3	contig00001:c1438-815	MGEKPHHF_00002
GCA009944615/GCA009944615:CDS	Tetracycline repressor protein class A from transposon 1721	contig00001:c62603-61926	MGEKPHHF_00073

DiscRep_ALL:DISC_QUALITY_SCORES::Quality scores are missing on all sequences.

DiscRep_ALL:ONCALLER_COMMENT_PRESENT::1 comment descriptors were found (all same)
GCA009944615/GCA009944615:contig00001:Annotated using prokka 1.14.6 from https://github.com/tseemann/prokka

DiscRep_ALL:SHORT_PROT_SEQUENCES::1 protein sequences are shorter than 50 aa.
GCA009944615/GCA009944615:contig00001_27 (length 41)

DiscRep_ALL:MISSING_GENOMEASSEMBLY_COMMENTS::1 bioseqs are missing GenomeAssembly structured comments
GCA009944615/GCA009944615:contig00001 (length 89214)

DiscRep_ALL:MOLTYPE_NOT_MRNA::1 molecule types are not set as mRNA.
GCA009944615/GCA009944615:contig00001 (length 89214)

DiscRep_ALL:TECHNIQUE_NOT_TSA::1 technique are not set as TSA
GCA009944615/GCA009944615:contig00001 (length 89214)

DiscRep_ALL:MISSING_STRUCTURED_COMMENT::1 sequences do not include structured comments.
GCA009944615/GCA009944615:contig00001 (length 89214)

DiscRep_ALL:MISSING_PROJECT::103 sequences do not include project.
GCA009944615/GCA009944615:contig00001 (length 89214)
GCA009944615/GCA009944615:contig00001_1 (length 220)
GCA009944615/GCA009944615:contig00001_2 (length 207)
GCA009944615/GCA009944615:contig00001_3 (length 177)
GCA009944615/GCA009944615:contig00001_4 (length 97)
GCA009944615/GCA009944615:contig00001_5 (length 144)
GCA009944615/GCA009944615:contig00001_6 (length 70)
GCA009944615/GCA009944615:contig00001_7 (length 212)
GCA009944615/GCA009944615:contig00001_8 (length 121)
GCA009944615/GCA009944615:contig00001_9 (length 78)
GCA009944615/GCA009944615:contig00001_10 (length 67)
GCA009944615/GCA009944615:contig00001_11 (length 204)
GCA009944615/GCA009944615:contig00001_12 (length 405)
GCA009944615/GCA009944615:contig00001_13 (length 302)
GCA009944615/GCA009944615:contig00001_14 (length 559)
GCA009944615/GCA009944615:contig00001_15 (length 83)
GCA009944615/GCA009944615:contig00001_16 (length 103)
GCA009944615/GCA009944615:contig00001_17 (length 154)
GCA009944615/GCA009944615:contig00001_18 (length 390)
GCA009944615/GCA009944615:contig00001_19 (length 265)
GCA009944615/GCA009944615:contig00001_20 (length 73)
GCA009944615/GCA009944615:contig00001_21 (length 151)
GCA009944615/GCA009944615:contig00001_22 (length 273)
GCA009944615/GCA009944615:contig00001_23 (length 702)
GCA009944615/GCA009944615:contig00001_24 (length 555)
GCA009944615/GCA009944615:contig00001_25 (length 508)
GCA009944615/GCA009944615:contig00001_26 (length 538)
GCA009944615/GCA009944615:contig00001_27 (length 41)
GCA009944615/GCA009944615:contig00001_28 (length 125)
GCA009944615/GCA009944615:contig00001_29 (length 123)
GCA009944615/GCA009944615:contig00001_30 (length 165)
GCA009944615/GCA009944615:contig00001_31 (length 262)
GCA009944615/GCA009944615:contig00001_32 (length 174)
GCA009944615/GCA009944615:contig00001_33 (length 157)
GCA009944615/GCA009944615:contig00001_34 (length 178)
GCA009944615/GCA009944615:contig00001_35 (length 90)
GCA009944615/GCA009944615:contig00001_36 (length 96)
GCA009944615/GCA009944615:contig00001_37 (length 146)
GCA009944615/GCA009944615:contig00001_38 (length 1061)
GCA009944615/GCA009944615:contig00001_39 (length 87)
GCA009944615/GCA009944615:contig00001_40 (length 737)
GCA009944615/GCA009944615:contig00001_41 (length 177)
GCA009944615/GCA009944615:contig00001_42 (length 635)
GCA009944615/GCA009944615:contig00001_43 (length 732)
GCA009944615/GCA009944615:contig00001_44 (length 123)
GCA009944615/GCA009944615:contig00001_45 (length 134)
GCA009944615/GCA009944615:contig00001_46 (length 241)
GCA009944615/GCA009944615:contig00001_47 (length 145)
GCA009944615/GCA009944615:contig00001_48 (length 448)
GCA009944615/GCA009944615:contig00001_49 (length 115)
GCA009944615/GCA009944615:contig00001_50 (length 308)
GCA009944615/GCA009944615:contig00001_51 (length 175)
GCA009944615/GCA009944615:contig00001_52 (length 167)
GCA009944615/GCA009944615:contig00001_53 (length 358)
GCA009944615/GCA009944615:contig00001_54 (length 259)
GCA009944615/GCA009944615:contig00001_55 (length 104)
GCA009944615/GCA009944615:contig00001_56 (length 317)
GCA009944615/GCA009944615:contig00001_57 (length 378)
GCA009944615/GCA009944615:contig00001_58 (length 257)
GCA009944615/GCA009944615:contig00001_59 (length 104)
GCA009944615/GCA009944615:contig00001_60 (length 107)
GCA009944615/GCA009944615:contig00001_61 (length 66)
GCA009944615/GCA009944615:contig00001_62 (length 76)
GCA009944615/GCA009944615:contig00001_63 (length 71)
GCA009944615/GCA009944615:contig00001_64 (length 77)
GCA009944615/GCA009944615:contig00001_65 (length 85)
GCA009944615/GCA009944615:contig00001_66 (length 236)
GCA009944615/GCA009944615:contig00001_67 (length 286)
GCA009944615/GCA009944615:contig00001_68 (length 185)
GCA009944615/GCA009944615:contig00001_69 (length 1001)
GCA009944615/GCA009944615:contig00001_70 (length 273)
GCA009944615/GCA009944615:contig00001_71 (length 146)
GCA009944615/GCA009944615:contig00001_72 (length 80)
GCA009944615/GCA009944615:contig00001_73 (length 225)
GCA009944615/GCA009944615:contig00001_74 (length 399)
GCA009944615/GCA009944615:contig00001_75 (length 361)
GCA009944615/GCA009944615:contig00001_76 (length 382)
GCA009944615/GCA009944615:contig00001_77 (length 116)
GCA009944615/GCA009944615:contig00001_78 (length 121)
GCA009944615/GCA009944615:contig00001_79 (length 319)
GCA009944615/GCA009944615:contig00001_80 (length 145)
GCA009944615/GCA009944615:contig00001_81 (length 103)
GCA009944615/GCA009944615:contig00001_82 (length 374)
GCA009944615/GCA009944615:contig00001_83 (length 988)
GCA009944615/GCA009944615:contig00001_84 (length 186)
GCA009944615/GCA009944615:contig00001_85 (length 495)
GCA009944615/GCA009944615:contig00001_86 (length 283)
GCA009944615/GCA009944615:contig00001_87 (length 67)
GCA009944615/GCA009944615:contig00001_88 (length 320)
GCA009944615/GCA009944615:contig00001_89 (length 471)
GCA009944615/GCA009944615:contig00001_90 (length 252)
GCA009944615/GCA009944615:contig00001_91 (length 297)
GCA009944615/GCA009944615:contig00001_92 (length 160)
GCA009944615/GCA009944615:contig00001_93 (length 463)
GCA009944615/GCA009944615:contig00001_94 (length 258)
GCA009944615/GCA009944615:contig00001_95 (length 69)
GCA009944615/GCA009944615:contig00001_96 (length 528)
GCA009944615/GCA009944615:contig00001_97 (length 199)
GCA009944615/GCA009944615:contig00001_98 (length 234)
GCA009944615/GCA009944615:contig00001_99 (length 87)
GCA009944615/GCA009944615:contig00001_100 (length 244)
GCA009944615/GCA009944615:contig00001_101 (length 139)
GCA009944615/GCA009944615:contig00001_102 (length 198)

DiscRep_ALL:DISC_INCONSISTENT_MOLINFO_TECH::Molinfo Technique Report (some missing, all same)
DiscRep_SUB:DISC_INCONSISTENT_MOLINFO_TECH::technique (all missing)
DiscRep_SUB:DISC_INCONSISTENT_MOLINFO_TECH::1 Molinfos are missing field technique
GCA009944615/GCA009944615:contig00001 (length 89214)

