[16:40:43] This is prokka 1.14.6
[16:40:43] Written by Torsten Seemann <torsten.seemann@gmail.com>
[16:40:43] Homepage is https://github.com/tseemann/prokka
[16:40:43] Local time is Wed Jan 12 16:40:43 2022
[16:40:43] You are ubuntu
[16:40:43] Operating system is linux
[16:40:43] You have BioPerl 1.007002
[16:40:43] System has 8 cores.
[16:40:43] Will use maximum of 4 cores.
[16:40:43] Annotating as >>> Bacteria <<<
[16:40:43] Generating locus_tag from 'GCA009944615.fa' contents.
[16:40:43] Setting --locustag MGEKPHHF from MD5 60e4911fe07a937ccdfcd9d2d21144b3
[16:40:43] Creating new output folder: GCA009944615
[16:40:43] Running: mkdir -p GCA009944615
[16:40:43] Using filename prefix: GCA009944615.XXX
[16:40:43] Setting HMMER_NCPU=1
[16:40:43] Writing log to: GCA009944615/GCA009944615.log
[16:40:43] Command: /home/ubuntu/miniconda3/envs/denovo0/bin/prokka --cpus 4 --fast --outdir GCA009944615 --prefix GCA009944615 GCA009944615.fa
[16:40:43] Appending to PATH: /qi/tools/miniconda3/envs/denovo0/bin
[16:40:43] Looking for 'aragorn' - found /home/ubuntu/miniconda3/envs/denovo0/bin/aragorn
[16:40:43] Determined aragorn version is 001002 from 'ARAGORN v1.2.38 Dean Laslett'
[16:40:43] Looking for 'barrnap' - found /home/ubuntu/miniconda3/envs/denovo0/bin/barrnap
[16:40:43] Determined barrnap version is 000009 from 'barrnap 0.9'
[16:40:43] Looking for 'blastp' - found /home/ubuntu/miniconda3/envs/denovo0/bin/blastp
[16:40:44] Determined blastp version is 002012 from 'blastp: 2.12.0+'
[16:40:44] Looking for 'cmpress' - found /home/ubuntu/miniconda3/envs/denovo0/bin/cmpress
[16:40:44] Determined cmpress version is 001001 from '# INFERNAL 1.1.4 (Dec 2020)'
[16:40:44] Looking for 'cmscan' - found /home/ubuntu/miniconda3/envs/denovo0/bin/cmscan
[16:40:44] Determined cmscan version is 001001 from '# INFERNAL 1.1.4 (Dec 2020)'
[16:40:44] Looking for 'egrep' - found /bin/egrep
[16:40:44] Looking for 'find' - found /usr/bin/find
[16:40:44] Looking for 'grep' - found /bin/grep
[16:40:44] Looking for 'hmmpress' - found /home/ubuntu/miniconda3/envs/denovo0/bin/hmmpress
[16:40:44] Determined hmmpress version is 003003 from '# HMMER 3.3.2 (Nov 2020); http://hmmer.org/'
[16:40:44] Looking for 'hmmscan' - found /home/ubuntu/miniconda3/envs/denovo0/bin/hmmscan
[16:40:44] Determined hmmscan version is 003003 from '# HMMER 3.3.2 (Nov 2020); http://hmmer.org/'
[16:40:44] Looking for 'java' - found /home/ubuntu/miniconda3/envs/denovo0/bin/java
[16:40:44] Looking for 'makeblastdb' - found /home/ubuntu/miniconda3/envs/denovo0/bin/makeblastdb
[16:40:44] Determined makeblastdb version is 002012 from 'makeblastdb: 2.12.0+'
[16:40:44] Looking for 'minced' - found /home/ubuntu/miniconda3/envs/denovo0/bin/minced
[16:40:45] Determined minced version is 004002 from 'minced 0.4.2'
[16:40:45] Looking for 'parallel' - found /home/ubuntu/miniconda3/envs/denovo0/bin/parallel
[16:40:45] Determined parallel version is 20211222 from 'GNU parallel 20211222'
[16:40:45] Looking for 'prodigal' - found /home/ubuntu/miniconda3/envs/denovo0/bin/prodigal
[16:40:45] Determined prodigal version is 002006 from 'Prodigal V2.6.3: February, 2016'
[16:40:45] Looking for 'prokka-genbank_to_fasta_db' - found /home/ubuntu/miniconda3/envs/denovo0/bin/prokka-genbank_to_fasta_db
[16:40:45] Looking for 'sed' - found /bin/sed
[16:40:45] Looking for 'tbl2asn' - found /home/ubuntu/miniconda3/envs/denovo0/bin/tbl2asn
[16:40:45] Determined tbl2asn version is 025007 from 'tbl2asn 25.7   arguments:'
[16:40:45] Using genetic code table 11.
[16:40:45] Loading and checking input file: GCA009944615.fa
[16:40:45] Wrote 1 contigs totalling 89214 bp.
[16:40:45] Predicting tRNAs and tmRNAs
[16:40:45] Running: aragorn -l -gc11  -w GCA009944615\/GCA009944615\.fna
[16:40:45] Found 0 tRNAs
[16:40:45] Predicting Ribosomal RNAs
[16:40:45] Running Barrnap with 4 threads
[16:40:45] Found 0 rRNAs
[16:40:45] Skipping ncRNA search, enable with --rfam if desired.
[16:40:45] Total of 0 tRNA + rRNA features
[16:40:45] Searching for CRISPR repeats
[16:40:45] Found 0 CRISPRs
[16:40:45] Predicting coding sequences
[16:40:45] Contigs total 89214 bp, so using meta mode
[16:40:45] Running: prodigal -i GCA009944615\/GCA009944615\.fna -c -m -g 11 -p meta -f sco -q
[16:40:47] Found 102 CDS
[16:40:47] Connecting features back to sequences
[16:40:48] Not using genus-specific database. Try --usegenus to enable it.
[16:40:48] Annotating CDS, please be patient.
[16:40:48] Will use 4 CPUs for similarity searching.
[16:40:48] There are still 102 unannotated CDS left (started with 102)
[16:40:48] Will use blast to search against /qi/tools/miniconda3/envs/denovo0/db/kingdom/Bacteria/IS with 4 CPUs
[16:40:48] Running: cat GCA009944615\/GCA009944615\.IS\.tmp\.32261\.faa | parallel --gnu --plain -j 4 --block 3369 --recstart '>' --pipe blastp -query - -db /qi/tools/miniconda3/envs/denovo0/db/kingdom/Bacteria/IS -evalue 1e-30 -qcov_hsp_perc 90 -num_threads 1 -num_descriptions 1 -num_alignments 1 -seg no > GCA009944615\/GCA009944615\.IS\.tmp\.32261\.blast 2> /dev/null
[16:40:51] Deleting unwanted file: GCA009944615/GCA009944615.IS.tmp.32261.faa
[16:40:51] Deleting unwanted file: GCA009944615/GCA009944615.IS.tmp.32261.blast
[16:40:51] There are still 98 unannotated CDS left (started with 102)
[16:40:51] Will use blast to search against /qi/tools/miniconda3/envs/denovo0/db/kingdom/Bacteria/AMR with 4 CPUs
[16:40:51] Running: cat GCA009944615\/GCA009944615\.AMR\.tmp\.32261\.faa | parallel --gnu --plain -j 4 --block 3066 --recstart '>' --pipe blastp -query - -db /qi/tools/miniconda3/envs/denovo0/db/kingdom/Bacteria/AMR -evalue 9.99999999999999e-301 -qcov_hsp_perc 90 -num_threads 1 -num_descriptions 1 -num_alignments 1 -seg no > GCA009944615\/GCA009944615\.AMR\.tmp\.32261\.blast 2> /dev/null
[16:40:53] Deleting unwanted file: GCA009944615/GCA009944615.AMR.tmp.32261.faa
[16:40:53] Deleting unwanted file: GCA009944615/GCA009944615.AMR.tmp.32261.blast
[16:40:53] There are still 98 unannotated CDS left (started with 102)
[16:40:53] Will use blast to search against /qi/tools/miniconda3/envs/denovo0/db/kingdom/Bacteria/sprot with 4 CPUs
[16:40:53] Running: cat GCA009944615\/GCA009944615\.sprot\.tmp\.32261\.faa | parallel --gnu --plain -j 4 --block 3066 --recstart '>' --pipe blastp -query - -db /qi/tools/miniconda3/envs/denovo0/db/kingdom/Bacteria/sprot -evalue 1e-09 -qcov_hsp_perc 80 -num_threads 1 -num_descriptions 1 -num_alignments 1 -seg no > GCA009944615\/GCA009944615\.sprot\.tmp\.32261\.blast 2> /dev/null
[16:40:59] Modify product: TelA-like protein SA1238 => TelA-like protein
[16:40:59] Modify product: Uncharacterized protein YjiK => putative protein YjiK
[16:40:59] Modify product: Putative conjugal transfer protein Rv3659c => Putative conjugal transfer protein
[16:40:59] Cleaned 3 /product names
[16:40:59] Deleting unwanted file: GCA009944615/GCA009944615.sprot.tmp.32261.faa
[16:40:59] Deleting unwanted file: GCA009944615/GCA009944615.sprot.tmp.32261.blast
[16:40:59] In --fast mode so skipping non-BLAST search against /qi/tools/miniconda3/envs/denovo0/db/hmm/HAMAP.hmm
[16:40:59] Labelling remaining 60 proteins as 'hypothetical protein'
[16:40:59] Found 33 unique /gene codes.
[16:40:59] Fixed 2 duplicate /gene - neo_1 neo_2
[16:40:59] Fixed 2 duplicate /gene - klcB_1 klcB_2
[16:40:59] Fixed 2 duplicate /gene - traB_1 traB_2
[16:40:59] Fixed 3 colliding /gene names.
[16:40:59] Adding /locus_tag identifiers
[16:40:59] Assigned 102 locus_tags to CDS and RNA features.
[16:40:59] Writing outputs to GCA009944615/
[16:40:59] Generating annotation statistics file
[16:40:59] Generating Genbank and Sequin files
[16:40:59] Running: tbl2asn -V b -a r10k -l paired-ends -M n -N 1 -y 'Annotated using prokka 1.14.6 from https://github.com/tseemann/prokka' -Z GCA009944615\/GCA009944615\.err -i GCA009944615\/GCA009944615\.fsa 2> /dev/null
[16:40:59] Deleting unwanted file: GCA009944615/errorsummary.val
[16:40:59] Deleting unwanted file: GCA009944615/GCA009944615.dr
[16:40:59] Deleting unwanted file: GCA009944615/GCA009944615.fixedproducts
[16:40:59] Deleting unwanted file: GCA009944615/GCA009944615.ecn
[16:40:59] Deleting unwanted file: GCA009944615/GCA009944615.val
[16:40:59] Repairing broken .GBK output that tbl2asn produces...
[16:40:59] Running: sed 's/COORDINATES: profile/COORDINATES:profile/' < GCA009944615\/GCA009944615\.gbf > GCA009944615\/GCA009944615\.gbk
[16:40:59] Deleting unwanted file: GCA009944615/GCA009944615.gbf
[16:40:59] Output files:
[16:40:59] GCA009944615/GCA009944615.gff
[16:40:59] GCA009944615/GCA009944615.err
[16:40:59] GCA009944615/GCA009944615.tsv
[16:40:59] GCA009944615/GCA009944615.fna
[16:40:59] GCA009944615/GCA009944615.txt
[16:40:59] GCA009944615/GCA009944615.faa
[16:40:59] GCA009944615/GCA009944615.fsa
[16:40:59] GCA009944615/GCA009944615.gbk
[16:40:59] GCA009944615/GCA009944615.sqn
[16:40:59] GCA009944615/GCA009944615.log
[16:40:59] GCA009944615/GCA009944615.tbl
[16:40:59] GCA009944615/GCA009944615.ffn
[16:40:59] Annotation finished successfully.
[16:40:59] Walltime used: 0.27 minutes
[16:40:59] If you use this result please cite the Prokka paper:
[16:40:59] Seemann T (2014) Prokka: rapid prokaryotic genome annotation. Bioinformatics. 30(14):2068-9.
[16:40:59] Type 'prokka --citation' for more details.
[16:40:59] Thank you, come again.
