Discrepancy Report Results

Summary
DISC_PROTEIN_NAMES:All proteins have same name "hypothetical protein"
FATAL: MISSING_PROTEIN_ID:51 proteins have invalid IDs.
DISC_SOURCE_QUALS_ASNDISC:strain (all present, all unique)
DISC_SOURCE_QUALS_ASNDISC:taxname (all present, all unique)
DISC_FEATURE_COUNT:CDS: 51 present
DISC_COUNT_NUCLEOTIDES:1 nucleotide Bioseqs are present
FEATURE_LOCATION_CONFLICT:51 features have inconsistent gene locations.
DISC_QUALITY_SCORES:Quality scores are missing on all sequences.
ONCALLER_COMMENT_PRESENT:1 comment descriptors were found (all same)
SHORT_PROT_SEQUENCES:5 protein sequences are shorter than 50 aa.
MISSING_GENOMEASSEMBLY_COMMENTS:1 bioseqs are missing GenomeAssembly structured comments
MOLTYPE_NOT_MRNA:1 molecule types are not set as mRNA.
TECHNIQUE_NOT_TSA:1 technique are not set as TSA
MISSING_STRUCTURED_COMMENT:1 sequences do not include structured comments.
MISSING_PROJECT:52 sequences do not include project.
DISC_INCONSISTENT_MOLINFO_TECH:Molinfo Technique Report (some missing, all same)


Detailed Report

DiscRep_ALL:DISC_PROTEIN_NAMES::All proteins have same name "hypothetical protein"

FATAL: DiscRep_ALL:MISSING_PROTEIN_ID::51 proteins have invalid IDs.
T7/T7:contig00001_1 (length 117)
T7/T7:contig00001_2 (length 51)
T7/T7:contig00001_3 (length 47)
T7/T7:contig00001_4 (length 53)
T7/T7:contig00001_5 (length 72)
T7/T7:contig00001_6 (length 359)
T7/T7:contig00001_7 (length 883)
T7/T7:contig00001_8 (length 42)
T7/T7:contig00001_9 (length 85)
T7/T7:contig00001_10 (length 359)
T7/T7:contig00001_11 (length 51)
T7/T7:contig00001_12 (length 29)
T7/T7:contig00001_13 (length 86)
T7/T7:contig00001_14 (length 196)
T7/T7:contig00001_15 (length 48)
T7/T7:contig00001_16 (length 64)
T7/T7:contig00001_17 (length 232)
T7/T7:contig00001_18 (length 149)
T7/T7:contig00001_19 (length 151)
T7/T7:contig00001_20 (length 121)
T7/T7:contig00001_21 (length 566)
T7/T7:contig00001_22 (length 70)
T7/T7:contig00001_23 (length 89)
T7/T7:contig00001_24 (length 135)
T7/T7:contig00001_25 (length 704)
T7/T7:contig00001_26 (length 118)
T7/T7:contig00001_27 (length 99)
T7/T7:contig00001_28 (length 69)
T7/T7:contig00001_29 (length 52)
T7/T7:contig00001_30 (length 300)
T7/T7:contig00001_31 (length 84)
T7/T7:contig00001_32 (length 88)
T7/T7:contig00001_33 (length 133)
T7/T7:contig00001_34 (length 99)
T7/T7:contig00001_35 (length 130)
T7/T7:contig00001_36 (length 536)
T7/T7:contig00001_37 (length 307)
T7/T7:contig00001_38 (length 345)
T7/T7:contig00001_39 (length 52)
T7/T7:contig00001_40 (length 196)
T7/T7:contig00001_41 (length 794)
T7/T7:contig00001_42 (length 138)
T7/T7:contig00001_43 (length 196)
T7/T7:contig00001_44 (length 747)
T7/T7:contig00001_45 (length 1318)
T7/T7:contig00001_46 (length 553)
T7/T7:contig00001_47 (length 67)
T7/T7:contig00001_48 (length 89)
T7/T7:contig00001_49 (length 143)
T7/T7:contig00001_50 (length 586)
T7/T7:contig00001_51 (length 49)

DiscRep_ALL:DISC_SOURCE_QUALS_ASNDISC::strain (all present, all unique)
DiscRep_SUB:DISC_SOURCE_QUALS_ASNDISC::1 sources have unique values for strain
DiscRep_ALL:DISC_SOURCE_QUALS_ASNDISC::taxname (all present, all unique)
DiscRep_SUB:DISC_SOURCE_QUALS_ASNDISC::1 sources have unique values for taxname
DiscRep_ALL:DISC_FEATURE_COUNT::CDS: 51 present
DiscRep_ALL:DISC_COUNT_NUCLEOTIDES::1 nucleotide Bioseqs are present
T7/T7:contig00001 (length 39869)

DiscRep_ALL:FEATURE_LOCATION_CONFLICT::51 features have inconsistent gene locations.
DiscRep_SUB:FEATURE_LOCATION_CONFLICT::Coding region xref gene does not exist
T7/T7:CDS	hypothetical protein	contig00001:814-1167	OGAOLEAD_00001

DiscRep_SUB:FEATURE_LOCATION_CONFLICT::Coding region xref gene does not exist
T7/T7:CDS	hypothetical protein	contig00001:1167-1322	OGAOLEAD_00002

DiscRep_SUB:FEATURE_LOCATION_CONFLICT::Coding region xref gene does not exist
T7/T7:CDS	hypothetical protein	contig00001:1385-1528	OGAOLEAD_00003

DiscRep_SUB:FEATURE_LOCATION_CONFLICT::Coding region xref gene does not exist
T7/T7:CDS	hypothetical protein	contig00001:1525-1686	OGAOLEAD_00004

DiscRep_SUB:FEATURE_LOCATION_CONFLICT::Coding region xref gene does not exist
T7/T7:CDS	hypothetical protein	contig00001:1670-1888	OGAOLEAD_00005

DiscRep_SUB:FEATURE_LOCATION_CONFLICT::Coding region xref gene does not exist
T7/T7:CDS	hypothetical protein	contig00001:1911-2990	OGAOLEAD_00006

DiscRep_SUB:FEATURE_LOCATION_CONFLICT::Coding region xref gene does not exist
T7/T7:CDS	hypothetical protein	contig00001:3061-5712	OGAOLEAD_00007

DiscRep_SUB:FEATURE_LOCATION_CONFLICT::Coding region xref gene does not exist
T7/T7:CDS	hypothetical protein	contig00001:5897-6025	OGAOLEAD_00008

DiscRep_SUB:FEATURE_LOCATION_CONFLICT::Coding region xref gene does not exist
T7/T7:CDS	hypothetical protein	contig00001:6027-6284	OGAOLEAD_00009

DiscRep_SUB:FEATURE_LOCATION_CONFLICT::Coding region xref gene does not exist
T7/T7:CDS	hypothetical protein	contig00001:6365-7444	OGAOLEAD_00010

DiscRep_SUB:FEATURE_LOCATION_CONFLICT::Coding region xref gene does not exist
T7/T7:CDS	hypothetical protein	contig00001:7498-7653	OGAOLEAD_00011

DiscRep_SUB:FEATURE_LOCATION_CONFLICT::Coding region xref gene does not exist
T7/T7:CDS	hypothetical protein	contig00001:7681-7770	OGAOLEAD_00012

DiscRep_SUB:FEATURE_LOCATION_CONFLICT::Coding region xref gene does not exist
T7/T7:CDS	hypothetical protein	contig00001:7796-8056	OGAOLEAD_00013

DiscRep_SUB:FEATURE_LOCATION_CONFLICT::Coding region xref gene does not exist
T7/T7:CDS	hypothetical protein	contig00001:8056-8646	OGAOLEAD_00014

DiscRep_SUB:FEATURE_LOCATION_CONFLICT::Coding region xref gene does not exist
T7/T7:CDS	hypothetical protein	contig00001:8639-8785	OGAOLEAD_00015

DiscRep_SUB:FEATURE_LOCATION_CONFLICT::Coding region xref gene does not exist
T7/T7:CDS	hypothetical protein	contig00001:8788-8982	OGAOLEAD_00016

DiscRep_SUB:FEATURE_LOCATION_CONFLICT::Coding region xref gene does not exist
T7/T7:CDS	hypothetical protein	contig00001:9048-9746	OGAOLEAD_00017

DiscRep_SUB:FEATURE_LOCATION_CONFLICT::Coding region xref gene does not exist
T7/T7:CDS	hypothetical protein	contig00001:10147-10596	OGAOLEAD_00018

DiscRep_SUB:FEATURE_LOCATION_CONFLICT::Coding region xref gene does not exist
T7/T7:CDS	hypothetical protein	contig00001:10596-11051	OGAOLEAD_00019

DiscRep_SUB:FEATURE_LOCATION_CONFLICT::Coding region xref gene does not exist
T7/T7:CDS	hypothetical protein	contig00001:11115-11480	OGAOLEAD_00020

DiscRep_SUB:FEATURE_LOCATION_CONFLICT::Coding region xref gene does not exist
T7/T7:CDS	hypothetical protein	contig00001:11455-13155	OGAOLEAD_00021

DiscRep_SUB:FEATURE_LOCATION_CONFLICT::Coding region xref gene does not exist
T7/T7:CDS	hypothetical protein	contig00001:13242-13454	OGAOLEAD_00022

DiscRep_SUB:FEATURE_LOCATION_CONFLICT::Coding region xref gene does not exist
T7/T7:CDS	hypothetical protein	contig00001:13474-13743	OGAOLEAD_00023

DiscRep_SUB:FEATURE_LOCATION_CONFLICT::Coding region xref gene does not exist
T7/T7:CDS	hypothetical protein	contig00001:13817-14224	OGAOLEAD_00024

DiscRep_SUB:FEATURE_LOCATION_CONFLICT::Coding region xref gene does not exist
T7/T7:CDS	hypothetical protein	contig00001:14243-16357	OGAOLEAD_00025

DiscRep_SUB:FEATURE_LOCATION_CONFLICT::Coding region xref gene does not exist
T7/T7:CDS	hypothetical protein	contig00001:16373-16729	OGAOLEAD_00026

DiscRep_SUB:FEATURE_LOCATION_CONFLICT::Coding region xref gene does not exist
T7/T7:CDS	hypothetical protein	contig00001:16741-17040	OGAOLEAD_00027

DiscRep_SUB:FEATURE_LOCATION_CONFLICT::Coding region xref gene does not exist
T7/T7:CDS	hypothetical protein	contig00001:17040-17249	OGAOLEAD_00028

DiscRep_SUB:FEATURE_LOCATION_CONFLICT::Coding region xref gene does not exist
T7/T7:CDS	hypothetical protein	contig00001:17249-17407	OGAOLEAD_00029

DiscRep_SUB:FEATURE_LOCATION_CONFLICT::Coding region xref gene does not exist
T7/T7:CDS	hypothetical protein	contig00001:17394-18296	OGAOLEAD_00030

DiscRep_SUB:FEATURE_LOCATION_CONFLICT::Coding region xref gene does not exist
T7/T7:CDS	hypothetical protein	contig00001:18495-18749	OGAOLEAD_00031

DiscRep_SUB:FEATURE_LOCATION_CONFLICT::Coding region xref gene does not exist
T7/T7:CDS	hypothetical protein	contig00001:18754-19020	OGAOLEAD_00032

DiscRep_SUB:FEATURE_LOCATION_CONFLICT::Coding region xref gene does not exist
T7/T7:CDS	hypothetical protein	contig00001:19020-19421	OGAOLEAD_00033

DiscRep_SUB:FEATURE_LOCATION_CONFLICT::Coding region xref gene does not exist
T7/T7:CDS	hypothetical protein	contig00001:19425-19724	OGAOLEAD_00034

DiscRep_SUB:FEATURE_LOCATION_CONFLICT::Coding region xref gene does not exist
T7/T7:CDS	hypothetical protein	contig00001:19738-20130	OGAOLEAD_00035

DiscRep_SUB:FEATURE_LOCATION_CONFLICT::Coding region xref gene does not exist
T7/T7:CDS	hypothetical protein	contig00001:20130-21740	OGAOLEAD_00036

DiscRep_SUB:FEATURE_LOCATION_CONFLICT::Coding region xref gene does not exist
T7/T7:CDS	hypothetical protein	contig00001:21840-22763	OGAOLEAD_00037

DiscRep_SUB:FEATURE_LOCATION_CONFLICT::Coding region xref gene does not exist
T7/T7:CDS	hypothetical protein	contig00001:22857-23894	OGAOLEAD_00038

DiscRep_SUB:FEATURE_LOCATION_CONFLICT::Coding region xref gene does not exist
T7/T7:CDS	hypothetical protein	contig00001:23894-24052	OGAOLEAD_00039

DiscRep_SUB:FEATURE_LOCATION_CONFLICT::Coding region xref gene does not exist
T7/T7:CDS	hypothetical protein	contig00001:24118-24708	OGAOLEAD_00040

DiscRep_SUB:FEATURE_LOCATION_CONFLICT::Coding region xref gene does not exist
T7/T7:CDS	hypothetical protein	contig00001:24732-27116	OGAOLEAD_00041

DiscRep_SUB:FEATURE_LOCATION_CONFLICT::Coding region xref gene does not exist
T7/T7:CDS	hypothetical protein	contig00001:27197-27613	OGAOLEAD_00042

DiscRep_SUB:FEATURE_LOCATION_CONFLICT::Coding region xref gene does not exist
T7/T7:CDS	hypothetical protein	contig00001:27618-28208	OGAOLEAD_00043

DiscRep_SUB:FEATURE_LOCATION_CONFLICT::Coding region xref gene does not exist
T7/T7:CDS	hypothetical protein	contig00001:28215-30458	OGAOLEAD_00044

DiscRep_SUB:FEATURE_LOCATION_CONFLICT::Coding region xref gene does not exist
T7/T7:CDS	hypothetical protein	contig00001:30485-34441	OGAOLEAD_00045

DiscRep_SUB:FEATURE_LOCATION_CONFLICT::Coding region xref gene does not exist
T7/T7:CDS	hypothetical protein	contig00001:34514-36175	OGAOLEAD_00046

DiscRep_SUB:FEATURE_LOCATION_CONFLICT::Coding region xref gene does not exist
T7/T7:CDS	hypothetical protein	contig00001:36234-36437	OGAOLEAD_00047

DiscRep_SUB:FEATURE_LOCATION_CONFLICT::Coding region xref gene does not exist
T7/T7:CDS	hypothetical protein	contig00001:36443-36712	OGAOLEAD_00048

DiscRep_SUB:FEATURE_LOCATION_CONFLICT::Coding region xref gene does not exist
T7/T7:CDS	hypothetical protein	contig00001:36807-37238	OGAOLEAD_00049

DiscRep_SUB:FEATURE_LOCATION_CONFLICT::Coding region xref gene does not exist
T7/T7:CDS	hypothetical protein	contig00001:37260-39020	OGAOLEAD_00050

DiscRep_SUB:FEATURE_LOCATION_CONFLICT::Coding region xref gene does not exist
T7/T7:CDS	hypothetical protein	contig00001:39279-39428	OGAOLEAD_00051

DiscRep_ALL:DISC_QUALITY_SCORES::Quality scores are missing on all sequences.

DiscRep_ALL:ONCALLER_COMMENT_PRESENT::1 comment descriptors were found (all same)
T7/T7:contig00001:Annotated using prokka 1.14.6 from https://github.com/tseemann/prokka

DiscRep_ALL:SHORT_PROT_SEQUENCES::5 protein sequences are shorter than 50 aa.
T7/T7:contig00001_3 (length 47)
T7/T7:contig00001_8 (length 42)
T7/T7:contig00001_12 (length 29)
T7/T7:contig00001_15 (length 48)
T7/T7:contig00001_51 (length 49)

DiscRep_ALL:MISSING_GENOMEASSEMBLY_COMMENTS::1 bioseqs are missing GenomeAssembly structured comments
T7/T7:contig00001 (length 39869)

DiscRep_ALL:MOLTYPE_NOT_MRNA::1 molecule types are not set as mRNA.
T7/T7:contig00001 (length 39869)

DiscRep_ALL:TECHNIQUE_NOT_TSA::1 technique are not set as TSA
T7/T7:contig00001 (length 39869)

DiscRep_ALL:MISSING_STRUCTURED_COMMENT::1 sequences do not include structured comments.
T7/T7:contig00001 (length 39869)

DiscRep_ALL:MISSING_PROJECT::52 sequences do not include project.
T7/T7:contig00001 (length 39869)
T7/T7:contig00001_1 (length 117)
T7/T7:contig00001_2 (length 51)
T7/T7:contig00001_3 (length 47)
T7/T7:contig00001_4 (length 53)
T7/T7:contig00001_5 (length 72)
T7/T7:contig00001_6 (length 359)
T7/T7:contig00001_7 (length 883)
T7/T7:contig00001_8 (length 42)
T7/T7:contig00001_9 (length 85)
T7/T7:contig00001_10 (length 359)
T7/T7:contig00001_11 (length 51)
T7/T7:contig00001_12 (length 29)
T7/T7:contig00001_13 (length 86)
T7/T7:contig00001_14 (length 196)
T7/T7:contig00001_15 (length 48)
T7/T7:contig00001_16 (length 64)
T7/T7:contig00001_17 (length 232)
T7/T7:contig00001_18 (length 149)
T7/T7:contig00001_19 (length 151)
T7/T7:contig00001_20 (length 121)
T7/T7:contig00001_21 (length 566)
T7/T7:contig00001_22 (length 70)
T7/T7:contig00001_23 (length 89)
T7/T7:contig00001_24 (length 135)
T7/T7:contig00001_25 (length 704)
T7/T7:contig00001_26 (length 118)
T7/T7:contig00001_27 (length 99)
T7/T7:contig00001_28 (length 69)
T7/T7:contig00001_29 (length 52)
T7/T7:contig00001_30 (length 300)
T7/T7:contig00001_31 (length 84)
T7/T7:contig00001_32 (length 88)
T7/T7:contig00001_33 (length 133)
T7/T7:contig00001_34 (length 99)
T7/T7:contig00001_35 (length 130)
T7/T7:contig00001_36 (length 536)
T7/T7:contig00001_37 (length 307)
T7/T7:contig00001_38 (length 345)
T7/T7:contig00001_39 (length 52)
T7/T7:contig00001_40 (length 196)
T7/T7:contig00001_41 (length 794)
T7/T7:contig00001_42 (length 138)
T7/T7:contig00001_43 (length 196)
T7/T7:contig00001_44 (length 747)
T7/T7:contig00001_45 (length 1318)
T7/T7:contig00001_46 (length 553)
T7/T7:contig00001_47 (length 67)
T7/T7:contig00001_48 (length 89)
T7/T7:contig00001_49 (length 143)
T7/T7:contig00001_50 (length 586)
T7/T7:contig00001_51 (length 49)

DiscRep_ALL:DISC_INCONSISTENT_MOLINFO_TECH::Molinfo Technique Report (some missing, all same)
DiscRep_SUB:DISC_INCONSISTENT_MOLINFO_TECH::technique (all missing)
DiscRep_SUB:DISC_INCONSISTENT_MOLINFO_TECH::1 Molinfos are missing field technique
T7/T7:contig00001 (length 39869)

