[16:41:05] This is prokka 1.14.6
[16:41:05] Written by Torsten Seemann <torsten.seemann@gmail.com>
[16:41:05] Homepage is https://github.com/tseemann/prokka
[16:41:05] Local time is Wed Jan 12 16:41:05 2022
[16:41:05] You are ubuntu
[16:41:05] Operating system is linux
[16:41:05] You have BioPerl 1.007002
[16:41:05] System has 8 cores.
[16:41:05] Will use maximum of 4 cores.
[16:41:05] Annotating as >>> Bacteria <<<
[16:41:05] Generating locus_tag from 'T7.fa' contents.
[16:41:05] Setting --locustag OGAOLEAD from MD5 80a85eadbb5921244062b19e0cbea0f9
[16:41:05] Creating new output folder: T7
[16:41:05] Running: mkdir -p T7
[16:41:05] Using filename prefix: T7.XXX
[16:41:05] Setting HMMER_NCPU=1
[16:41:05] Writing log to: T7/T7.log
[16:41:05] Command: /home/ubuntu/miniconda3/envs/denovo0/bin/prokka --cpus 4 --fast --outdir T7 --prefix T7 T7.fa
[16:41:05] Appending to PATH: /qi/tools/miniconda3/envs/denovo0/bin
[16:41:05] Looking for 'aragorn' - found /home/ubuntu/miniconda3/envs/denovo0/bin/aragorn
[16:41:05] Determined aragorn version is 001002 from 'ARAGORN v1.2.38 Dean Laslett'
[16:41:05] Looking for 'barrnap' - found /home/ubuntu/miniconda3/envs/denovo0/bin/barrnap
[16:41:05] Determined barrnap version is 000009 from 'barrnap 0.9'
[16:41:05] Looking for 'blastp' - found /home/ubuntu/miniconda3/envs/denovo0/bin/blastp
[16:41:06] Determined blastp version is 002012 from 'blastp: 2.12.0+'
[16:41:06] Looking for 'cmpress' - found /home/ubuntu/miniconda3/envs/denovo0/bin/cmpress
[16:41:06] Determined cmpress version is 001001 from '# INFERNAL 1.1.4 (Dec 2020)'
[16:41:06] Looking for 'cmscan' - found /home/ubuntu/miniconda3/envs/denovo0/bin/cmscan
[16:41:06] Determined cmscan version is 001001 from '# INFERNAL 1.1.4 (Dec 2020)'
[16:41:06] Looking for 'egrep' - found /bin/egrep
[16:41:06] Looking for 'find' - found /usr/bin/find
[16:41:06] Looking for 'grep' - found /bin/grep
[16:41:06] Looking for 'hmmpress' - found /home/ubuntu/miniconda3/envs/denovo0/bin/hmmpress
[16:41:06] Determined hmmpress version is 003003 from '# HMMER 3.3.2 (Nov 2020); http://hmmer.org/'
[16:41:06] Looking for 'hmmscan' - found /home/ubuntu/miniconda3/envs/denovo0/bin/hmmscan
[16:41:06] Determined hmmscan version is 003003 from '# HMMER 3.3.2 (Nov 2020); http://hmmer.org/'
[16:41:06] Looking for 'java' - found /home/ubuntu/miniconda3/envs/denovo0/bin/java
[16:41:06] Looking for 'makeblastdb' - found /home/ubuntu/miniconda3/envs/denovo0/bin/makeblastdb
[16:41:06] Determined makeblastdb version is 002012 from 'makeblastdb: 2.12.0+'
[16:41:06] Looking for 'minced' - found /home/ubuntu/miniconda3/envs/denovo0/bin/minced
[16:41:07] Determined minced version is 004002 from 'minced 0.4.2'
[16:41:07] Looking for 'parallel' - found /home/ubuntu/miniconda3/envs/denovo0/bin/parallel
[16:41:07] Determined parallel version is 20211222 from 'GNU parallel 20211222'
[16:41:07] Looking for 'prodigal' - found /home/ubuntu/miniconda3/envs/denovo0/bin/prodigal
[16:41:07] Determined prodigal version is 002006 from 'Prodigal V2.6.3: February, 2016'
[16:41:07] Looking for 'prokka-genbank_to_fasta_db' - found /home/ubuntu/miniconda3/envs/denovo0/bin/prokka-genbank_to_fasta_db
[16:41:07] Looking for 'sed' - found /bin/sed
[16:41:07] Looking for 'tbl2asn' - found /home/ubuntu/miniconda3/envs/denovo0/bin/tbl2asn
[16:41:07] Determined tbl2asn version is 025007 from 'tbl2asn 25.7   arguments:'
[16:41:07] Using genetic code table 11.
[16:41:07] Loading and checking input file: T7.fa
[16:41:07] Wrote 1 contigs totalling 39869 bp.
[16:41:07] Predicting tRNAs and tmRNAs
[16:41:07] Running: aragorn -l -gc11  -w T7\/T7\.fna
[16:41:07] Found 0 tRNAs
[16:41:07] Predicting Ribosomal RNAs
[16:41:07] Running Barrnap with 4 threads
[16:41:07] Found 0 rRNAs
[16:41:07] Skipping ncRNA search, enable with --rfam if desired.
[16:41:07] Total of 0 tRNA + rRNA features
[16:41:07] Searching for CRISPR repeats
[16:41:07] Found 0 CRISPRs
[16:41:07] Predicting coding sequences
[16:41:07] Contigs total 39869 bp, so using meta mode
[16:41:07] Running: prodigal -i T7\/T7\.fna -c -m -g 11 -p meta -f sco -q
[16:41:08] Found 51 CDS
[16:41:08] Connecting features back to sequences
[16:41:08] Not using genus-specific database. Try --usegenus to enable it.
[16:41:08] Annotating CDS, please be patient.
[16:41:08] Will use 4 CPUs for similarity searching.
[16:41:08] There are still 51 unannotated CDS left (started with 51)
[16:41:08] Will use blast to search against /qi/tools/miniconda3/envs/denovo0/db/kingdom/Bacteria/IS with 4 CPUs
[16:41:08] Running: cat T7\/T7\.IS\.tmp\.5221\.faa | parallel --gnu --plain -j 4 --block 1536 --recstart '>' --pipe blastp -query - -db /qi/tools/miniconda3/envs/denovo0/db/kingdom/Bacteria/IS -evalue 1e-30 -qcov_hsp_perc 90 -num_threads 1 -num_descriptions 1 -num_alignments 1 -seg no > T7\/T7\.IS\.tmp\.5221\.blast 2> /dev/null
[16:41:10] Deleting unwanted file: T7/T7.IS.tmp.5221.faa
[16:41:10] Deleting unwanted file: T7/T7.IS.tmp.5221.blast
[16:41:11] There are still 51 unannotated CDS left (started with 51)
[16:41:11] Will use blast to search against /qi/tools/miniconda3/envs/denovo0/db/kingdom/Bacteria/AMR with 4 CPUs
[16:41:11] Running: cat T7\/T7\.AMR\.tmp\.5221\.faa | parallel --gnu --plain -j 4 --block 1536 --recstart '>' --pipe blastp -query - -db /qi/tools/miniconda3/envs/denovo0/db/kingdom/Bacteria/AMR -evalue 9.99999999999999e-301 -qcov_hsp_perc 90 -num_threads 1 -num_descriptions 1 -num_alignments 1 -seg no > T7\/T7\.AMR\.tmp\.5221\.blast 2> /dev/null
[16:41:13] Deleting unwanted file: T7/T7.AMR.tmp.5221.faa
[16:41:13] Deleting unwanted file: T7/T7.AMR.tmp.5221.blast
[16:41:13] There are still 51 unannotated CDS left (started with 51)
[16:41:13] Will use blast to search against /qi/tools/miniconda3/envs/denovo0/db/kingdom/Bacteria/sprot with 4 CPUs
[16:41:13] Running: cat T7\/T7\.sprot\.tmp\.5221\.faa | parallel --gnu --plain -j 4 --block 1536 --recstart '>' --pipe blastp -query - -db /qi/tools/miniconda3/envs/denovo0/db/kingdom/Bacteria/sprot -evalue 1e-09 -qcov_hsp_perc 80 -num_threads 1 -num_descriptions 1 -num_alignments 1 -seg no > T7\/T7\.sprot\.tmp\.5221\.blast 2> /dev/null
[16:41:18] Deleting unwanted file: T7/T7.sprot.tmp.5221.faa
[16:41:18] Deleting unwanted file: T7/T7.sprot.tmp.5221.blast
[16:41:18] In --fast mode so skipping non-BLAST search against /qi/tools/miniconda3/envs/denovo0/db/hmm/HAMAP.hmm
[16:41:18] Labelling remaining 51 proteins as 'hypothetical protein'
[16:41:18] Found 0 unique /gene codes.
[16:41:18] Fixed 0 colliding /gene names.
[16:41:18] Adding /locus_tag identifiers
[16:41:18] Assigned 51 locus_tags to CDS and RNA features.
[16:41:18] Writing outputs to T7/
[16:41:18] Generating annotation statistics file
[16:41:18] Generating Genbank and Sequin files
[16:41:18] Running: tbl2asn -V b -a r10k -l paired-ends -M n -N 1 -y 'Annotated using prokka 1.14.6 from https://github.com/tseemann/prokka' -Z T7\/T7\.err -i T7\/T7\.fsa 2> /dev/null
[16:41:19] Deleting unwanted file: T7/errorsummary.val
[16:41:19] Deleting unwanted file: T7/T7.dr
[16:41:19] Deleting unwanted file: T7/T7.fixedproducts
[16:41:19] Deleting unwanted file: T7/T7.ecn
[16:41:19] Deleting unwanted file: T7/T7.val
[16:41:19] Repairing broken .GBK output that tbl2asn produces...
[16:41:19] Running: sed 's/COORDINATES: profile/COORDINATES:profile/' < T7\/T7\.gbf > T7\/T7\.gbk
[16:41:19] Deleting unwanted file: T7/T7.gbf
[16:41:19] Output files:
[16:41:19] T7/T7.err
[16:41:19] T7/T7.fsa
[16:41:19] T7/T7.gff
[16:41:19] T7/T7.gbk
[16:41:19] T7/T7.ffn
[16:41:19] T7/T7.faa
[16:41:19] T7/T7.tsv
[16:41:19] T7/T7.fna
[16:41:19] T7/T7.txt
[16:41:19] T7/T7.tbl
[16:41:19] T7/T7.sqn
[16:41:19] T7/T7.log
[16:41:19] Annotation finished successfully.
[16:41:19] Walltime used: 0.23 minutes
[16:41:19] If you use this result please cite the Prokka paper:
[16:41:19] Seemann T (2014) Prokka: rapid prokaryotic genome annotation. Bioinformatics. 30(14):2068-9.
[16:41:19] Type 'prokka --citation' for more details.
[16:41:19] Thank you, come again.
